* using log directory ‘/home/travis/build/brucebcampbell/appregr/appregr.Rcheck’
* using R version 3.6.0 (2017-01-27)
* using platform: x86_64-pc-linux-gnu (64-bit)
* using session charset: UTF-8
* using option ‘--as-cran’
* checking for file ‘appregr/DESCRIPTION’ ... OK
* this is package ‘appregr’ version ‘0.0.0.9000’
* package encoding: UTF-8
* checking package namespace information ... OK
* checking package dependencies ... OK
* checking if this is a source package ... OK
* checking if there is a namespace ... OK
* checking for executable files ... OK
* checking for hidden files and directories ... NOTE
Found the following hidden files and directories:
  .travis.yml
These were most likely included in error. See section ‘Package
structure’ in the ‘Writing R Extensions’ manual.
* checking for portable file names ... OK
* checking for sufficient/correct file permissions ... OK
* checking serialization versions ... OK
* checking whether package ‘appregr’ can be installed ... OK
* checking installed package size ... OK
* checking package directory ... OK
* checking for future file timestamps ... OK
* checking ‘build’ directory ... OK
* checking DESCRIPTION meta-information ... OK
* checking top-level files ... NOTE
Non-standard files/directories found at top level:
  ‘docs’ ‘LICENSE.md’ ‘revdep’
* checking for left-over files ... OK
* checking index information ... OK
* checking package subdirectories ... OK
* checking R files for non-ASCII characters ... OK
* checking R files for syntax errors ... OK
* checking whether the package can be loaded ... OK
* checking whether the package can be loaded with stated dependencies ... OK
* checking whether the package can be unloaded cleanly ... OK
* checking whether the namespace can be loaded with stated dependencies ... OK
* checking whether the namespace can be unloaded cleanly ... OK
* checking loading without being on the library search path ... OK
* checking dependencies in R code ... NOTE
'library' or 'require' call to ‘faraway’ in package code.
  Please use :: or requireNamespace() instead.
  See section 'Suggested packages' in the 'Writing R Extensions' manual.
* checking S3 generic/method consistency ... OK
* checking replacement functions ... OK
* checking foreign function calls ... OK
* checking R code for possible problems ... NOTE
getmodel: no visible binding for global variable ‘x’
getmodel: no visible global function definition for ‘data’
getmodel: no visible binding for global variable ‘prostate’
getmodel: no visible global function definition for ‘lm’
Undefined global functions or variables:
  data lm prostate x
Consider adding
  importFrom("stats", "lm")
  importFrom("utils", "data")
to your NAMESPACE file.

Found the following calls to data() loading into the global environment:
File ‘appregr/R/modelfactory.R’:
  data(prostate, package = "faraway")
See section ‘Good practice’ in ‘?data’.
* checking for missing documentation entries ... WARNING
Undocumented code objects:
  ‘mtcars’ ‘x’ ‘y’
Undocumented data sets:
  ‘mtcars’ ‘x’ ‘y’
All user-level objects in a package should have documentation entries.
See chapter ‘Writing R documentation files’ in the ‘Writing R
Extensions’ manual.
* checking contents of ‘data’ directory ... OK
* checking data for non-ASCII characters ... OK
* checking data for ASCII and uncompressed saves ... WARNING
  Warning: package needs dependence on R (>= 2.10)
* checking installed files from ‘inst/doc’ ... OK
* checking files in ‘vignettes’ ... OK
* checking examples ... NONE
* checking for unstated dependencies in ‘tests’ ... OK
* checking tests ... OK
  Running ‘testthat.R’
* checking for unstated dependencies in vignettes ... OK
* checking package vignettes in ‘inst/doc’ ... OK
* checking re-building of vignette outputs ... OK
* checking PDF version of manual ... OK
* DONE
Status: 2 WARNINGs, 4 NOTEs
